C:\USERS\NHS30185\DOCUMENTS\GITHUB\GLGAME\メニュー\GLGAME\RELEASE\BILLBOARD.OBJ
C:\USERS\NHS30185\DOCUMENTS\GITHUB\GLGAME\メニュー\GLGAME\RELEASE\C3DOBJ.OBJ
C:\USERS\NHS30185\DOCUMENTS\GITHUB\GLGAME\メニュー\GLGAME\RELEASE\CAMERA.OBJ
C:\Users\nhs30185\Documents\GitHub\GLGame\メニュー\GLGame\Release\cl.command.1.tlog
C:\Users\nhs30185\Documents\GitHub\GLGame\メニュー\GLGame\Release\CL.read.1.tlog
C:\Users\nhs30185\Documents\GitHub\GLGame\メニュー\GLGame\Release\CL.write.1.tlog
C:\USERS\NHS30185\DOCUMENTS\GITHUB\GLGAME\メニュー\GLGAME\RELEASE\FIELD.OBJ
C:\USERS\NHS30185\DOCUMENTS\GITHUB\GLGAME\メニュー\GLGAME\RELEASE\GAMEWND.OBJ
C:\USERS\NHS30185\DOCUMENTS\GITHUB\GLGAME\メニュー\GLGAME\RELEASE\GLGAME.EXE.INTERMEDIATE.MANIFEST
C:\Users\nhs30185\Documents\GitHub\GLGame\メニュー\GLGame\Release\GLGame.vcxprojResolveAssemblyReference.cache
C:\Users\nhs30185\Documents\GitHub\GLGame\メニュー\GLGame\Release\GLGame.write.1.tlog
C:\USERS\NHS30185\DOCUMENTS\GITHUB\GLGAME\メニュー\GLGAME\RELEASE\GRAPHICS.OBJ
C:\USERS\NHS30185\DOCUMENTS\GITHUB\GLGAME\メニュー\GLGAME\RELEASE\INPUT.OBJ
C:\Users\nhs30185\Documents\GitHub\GLGame\メニュー\GLGame\Release\link.command.1.tlog
C:\Users\nhs30185\Documents\GitHub\GLGame\メニュー\GLGame\Release\link.read.1.tlog
C:\Users\nhs30185\Documents\GitHub\GLGame\メニュー\GLGame\Release\link.write.1.tlog
C:\USERS\NHS30185\DOCUMENTS\GITHUB\GLGAME\メニュー\GLGAME\RELEASE\MAIN.OBJ
C:\USERS\NHS30185\DOCUMENTS\GITHUB\GLGAME\メニュー\GLGAME\RELEASE\MAINSCENE.OBJ
C:\USERS\NHS30185\DOCUMENTS\GITHUB\GLGAME\メニュー\GLGAME\RELEASE\MATRIX.OBJ
C:\USERS\NHS30185\DOCUMENTS\GITHUB\GLGAME\メニュー\GLGAME\RELEASE\MESH.OBJ
C:\USERS\NHS30185\DOCUMENTS\GITHUB\GLGAME\メニュー\GLGAME\RELEASE\MESHOBJ.OBJ
C:\Users\nhs30185\Documents\GitHub\GLGame\メニュー\GLGame\Release\mt.command.1.tlog
C:\Users\nhs30185\Documents\GitHub\GLGame\メニュー\GLGame\Release\mt.read.1.tlog
C:\Users\nhs30185\Documents\GitHub\GLGame\メニュー\GLGame\Release\mt.write.1.tlog
C:\USERS\NHS30185\DOCUMENTS\GITHUB\GLGAME\メニュー\GLGAME\RELEASE\OBB.OBJ
C:\USERS\NHS30185\DOCUMENTS\GITHUB\GLGAME\メニュー\GLGAME\RELEASE\PLAYER.OBJ
C:\USERS\NHS30185\DOCUMENTS\GITHUB\GLGAME\メニュー\GLGAME\RELEASE\SCENE.OBJ
C:\USERS\NHS30185\DOCUMENTS\GITHUB\GLGAME\メニュー\GLGAME\RELEASE\SKY.OBJ
C:\USERS\NHS30185\DOCUMENTS\GITHUB\GLGAME\メニュー\GLGAME\RELEASE\SOUND.OBJ
C:\USERS\NHS30185\DOCUMENTS\GITHUB\GLGAME\メニュー\GLGAME\RELEASE\SPLASHSCENE.OBJ
C:\USERS\NHS30185\DOCUMENTS\GITHUB\GLGAME\メニュー\GLGAME\RELEASE\STAGE.OBJ
C:\USERS\NHS30185\DOCUMENTS\GITHUB\GLGAME\メニュー\GLGAME\RELEASE\TEXTURE.OBJ
C:\USERS\NHS30185\DOCUMENTS\GITHUB\GLGAME\メニュー\GLGAME\RELEASE\TGA.OBJ
C:\USERS\NHS30185\DOCUMENTS\GITHUB\GLGAME\メニュー\GLGAME\RELEASE\TITLESCENE.OBJ
C:\USERS\NHS30185\DOCUMENTS\GITHUB\GLGAME\メニュー\GLGAME\RELEASE\VC100.PDB
C:\USERS\NHS30185\DOCUMENTS\GITHUB\GLGAME\メニュー\GLGAME\RELEASE\WINDOW.OBJ
C:\USERS\NHS30185\DOCUMENTS\GITHUB\GLGAME\メニュー\RELEASE\GLGAME.EXE
C:\USERS\NHS30185\DOCUMENTS\GITHUB\GLGAME\メニュー\RELEASE\GLGAME.PDB
